
The coordinate (X) of the equilibrium point P in km is: 2.203270977086095E-01
The coordinate (Y) of the equilibrium point P in km is:-2.346245285523414E-01
The coordinate (Z) of the equilibrium point P in km is:-2.965364306565829E-03
-------------------------------------------------------------------

The gravitational potential (U) in km^2*sec^-2 at P is:-1.649409505972029E-08
-------------------------------------------------------------------

The first derivative       (Ux) in   km*sec^-2 at P is:-3.632818928922125E-08
The first derivative       (Uy) in   km*sec^-2 at P is: 3.871161461357108E-08
The first derivative       (Uz) in   km*sec^-2 at P is: 5.057332989741627E-23
-------------------------------------------------------------------

Length of the attraction vector in   km*sec^-2 at P is: 5.308791240031143E-08
phi   (angle to x-axis in degrees) : 133.18077
theta (angle to y-axis in degrees) :  43.18077
omega (angle to z-axis in degrees) :  90.00000

-------------------------------------------------------------------

The second  derivative    (Uxx) in     sec^-2 at P is: 9.157421178038018E-08
The second  derivative    (Uyy) in     sec^-2 at P is: 1.051225538352221E-07
The second  derivative    (Uzz) in     sec^-2 at P is:-1.966967656156033E-07

-------------------------------------------------------------------
The Laplace equation ( Uxx + Uyy + Uzz ) at P gives  :-1.058791184067875E-21
-------------------------------------------------------------------

The second  derivative    (Uxy) in     sec^-2 at P is:-2.561877596090112E-07
The second  derivative    (Uxz) in     sec^-2 at P is:-1.240187916626615E-10
The second  derivative    (Uyx) in     sec^-2 at P is:-2.561877596090112E-07
The second  derivative    (Uyz) in     sec^-2 at P is:-3.378272052259745E-09
The second  derivative    (Uzx) in     sec^-2 at P is:-1.240187916626615E-10
The second  derivative    (Uzy) in     sec^-2 at P is:-3.378272052259745E-09

-------------------------------------------------------------------

The Jacobi Constant (J) or (V) in km^2*sec^-2 at P is:-2.503748449478791E-08

-------------------------------------------------------------------

The Rotation Period in hours is: 4.297460000000000E+00
Density: 1.260000000000000E+12

