
The coordinate (X) of the equilibrium point P in km is: 1.263234868962922E-01
The coordinate (Y) of the equilibrium point P in km is: 2.919163545003325E-01
The coordinate (Z) of the equilibrium point P in km is:-2.401347888119490E-03
-------------------------------------------------------------------

The gravitational potential (U) in km^2*sec^-2 at P is:-1.653214582256397E-08
-------------------------------------------------------------------

The first derivative       (Ux) in   km*sec^-2 at P is:-2.085550027655148E-08
The first derivative       (Uy) in   km*sec^-2 at P is:-4.814082258118528E-08
The first derivative       (Uz) in   km*sec^-2 at P is:-9.300733181428147E-24
-------------------------------------------------------------------

Length of the attraction vector in   km*sec^-2 at P is: 5.246418483669024E-08
phi   (angle to x-axis in degrees) : 113.42316
theta (angle to y-axis in degrees) : 156.57684
omega (angle to z-axis in degrees) :  90.00000

-------------------------------------------------------------------

The second  derivative    (Uxx) in     sec^-2 at P is:-7.421834431825760E-08
The second  derivative    (Uyy) in     sec^-2 at P is: 2.587480178145007E-07
The second  derivative    (Uzz) in     sec^-2 at P is:-1.845296734962449E-07

-------------------------------------------------------------------
The Laplace equation ( Uxx + Uyy + Uzz ) at P gives  :-1.799945012915388E-21
-------------------------------------------------------------------

The second  derivative    (Uxy) in     sec^-2 at P is: 1.799382241278640E-07
The second  derivative    (Uxz) in     sec^-2 at P is: 1.517228939143778E-09
The second  derivative    (Uyx) in     sec^-2 at P is: 1.799382241278640E-07
The second  derivative    (Uyz) in     sec^-2 at P is: 3.751331573432389E-10
The second  derivative    (Uzx) in     sec^-2 at P is: 1.517228939143778E-09
The second  derivative    (Uzy) in     sec^-2 at P is: 3.751331573432389E-10

-------------------------------------------------------------------

The Jacobi Constant (J) or (V) in km^2*sec^-2 at P is:-2.487596229408521E-08

-------------------------------------------------------------------

The Rotation Period in hours is: 4.297460000000000E+00
Density: 1.260000000000000E+12

