
The coordinate (X) of the equilibrium point P in km is:-3.010396928370849E-01
The coordinate (Y) of the equilibrium point P in km is:-1.213835276664445E-01
The coordinate (Z) of the equilibrium point P in km is: 7.901644706726073E-03
-------------------------------------------------------------------

The gravitational potential (U) in km^2*sec^-2 at P is:-1.554087692127200E-08
-------------------------------------------------------------------

The first derivative       (Ux) in   km*sec^-2 at P is: 4.854897214040900E-08
The first derivative       (Uy) in   km*sec^-2 at P is: 1.954069417756126E-08
The first derivative       (Uz) in   km*sec^-2 at P is:-2.322476353355325E-09
-------------------------------------------------------------------

Length of the attraction vector in   km*sec^-2 at P is: 5.238544951838325E-08
phi   (angle to x-axis in degrees) :  22.06406
theta (angle to y-axis in degrees) :  68.09816
omega (angle to z-axis in degrees) :  92.54101

-------------------------------------------------------------------

The second  derivative    (Uxx) in     sec^-2 at P is: 3.173554491909618E-07
The second  derivative    (Uyy) in     sec^-2 at P is:-9.936462875209095E-08
The second  derivative    (Uzz) in     sec^-2 at P is:-2.179908204388694E-07

-------------------------------------------------------------------
The Laplace equation ( Uxx + Uyy + Uzz ) at P gives  : 1.402898318889935E-21
-------------------------------------------------------------------

The second  derivative    (Uxy) in     sec^-2 at P is: 1.913976296060350E-07
The second  derivative    (Uxz) in     sec^-2 at P is:-3.712496040477910E-08
The second  derivative    (Uyx) in     sec^-2 at P is: 1.913976296060350E-07
The second  derivative    (Uyz) in     sec^-2 at P is:-1.368980140250908E-08
The second  derivative    (Uzx) in     sec^-2 at P is:-3.712496040477910E-08
The second  derivative    (Uzy) in     sec^-2 at P is:-1.368980140250908E-08

-------------------------------------------------------------------

The Jacobi Constant (J) or (V) in km^2*sec^-2 at P is:-4.169232520838588E-08

-------------------------------------------------------------------

The Rotation Period in hours is: 4.296057000000000E+00
Density: 1.190000000000000E+12
-------------------------------------------------------------------

The first  SRP component in km*sec^-2 at P is: 7.603097344692573E-09
The second SRP component in km*sec^-2 at P is:-1.554143782055770E-08
The third  SRP component in km*sec^-2 at P is: 2.322476913661589E-09
Asteroid angle (degrees) :   0.00000
Sun angle      (degrees) :   0.00000
Particle radius (km): 2.000000000000000E-07

