
The coordinate (X) of the equilibrium point P in km is: 3.077335451157390E-01
The coordinate (Y) of the equilibrium point P in km is: 7.081963387568076E-02
The coordinate (Z) of the equilibrium point P in km is: 8.869743347167971E-03
-------------------------------------------------------------------

The gravitational potential (U) in km^2*sec^-2 at P is:-1.601959454289320E-08
-------------------------------------------------------------------

The first derivative       (Ux) in   km*sec^-2 at P is:-5.469059904470708E-08
The first derivative       (Uy) in   km*sec^-2 at P is:-1.224156553141766E-08
The first derivative       (Uz) in   km*sec^-2 at P is:-2.322473413496657E-09
-------------------------------------------------------------------

Length of the attraction vector in   km*sec^-2 at P is: 5.609199081228359E-08
phi   (angle to x-axis in degrees) : 167.16561
theta (angle to y-axis in degrees) : 102.60573
omega (angle to z-axis in degrees) :  92.37299

-------------------------------------------------------------------

The second  derivative    (Uxx) in     sec^-2 at P is: 4.199209354611411E-07
The second  derivative    (Uyy) in     sec^-2 at P is:-1.771717388252951E-07
The second  derivative    (Uzz) in     sec^-2 at P is:-2.427491966358482E-07

-------------------------------------------------------------------
The Laplace equation ( Uxx + Uyy + Uzz ) at P gives  :-2.223461486542538E-21
-------------------------------------------------------------------

The second  derivative    (Uxy) in     sec^-2 at P is: 1.308734877907329E-07
The second  derivative    (Uxz) in     sec^-2 at P is: 3.787045735554967E-08
The second  derivative    (Uyx) in     sec^-2 at P is: 1.308734877907329E-07
The second  derivative    (Uyz) in     sec^-2 at P is: 8.227132668291114E-11
The second  derivative    (Uzx) in     sec^-2 at P is: 3.787045735554967E-08
The second  derivative    (Uzy) in     sec^-2 at P is: 8.227132668291114E-11

-------------------------------------------------------------------

The Jacobi Constant (J) or (V) in km^2*sec^-2 at P is:-4.170531371909446E-08

-------------------------------------------------------------------

The Rotation Period in hours is: 4.296057000000000E+00
Density: 1.190000000000000E+12
-------------------------------------------------------------------

The first  SRP component in km*sec^-2 at P is: 7.603097407328696E-09
The second SRP component in km*sec^-2 at P is:-1.554143776334490E-08
The third  SRP component in km*sec^-2 at P is: 2.322476908940393E-09
Asteroid angle (degrees) :   0.00000
Sun angle      (degrees) :   0.00000
Particle radius (km): 2.000000000000000E-07

