
The coordinate (X) of the equilibrium point P in km is:-3.264841343630308E-01
The coordinate (Y) of the equilibrium point P in km is:-5.171000689592928E-02
The coordinate (Z) of the equilibrium point P in km is: 9.592771530151367E-03
-------------------------------------------------------------------

The gravitational potential (U) in km^2*sec^-2 at P is:-1.521335508119635E-08
-------------------------------------------------------------------

The first derivative       (Ux) in   km*sec^-2 at P is: 4.892915409454745E-08
The first derivative       (Uy) in   km*sec^-2 at P is: 7.369033994389943E-09
The first derivative       (Uz) in   km*sec^-2 at P is:-2.322474841832056E-09
-------------------------------------------------------------------

Length of the attraction vector in   km*sec^-2 at P is: 4.953542845085108E-08
phi   (angle to x-axis in degrees) :   8.97342
theta (angle to y-axis in degrees) :  81.44476
omega (angle to z-axis in degrees) :  92.68731

-------------------------------------------------------------------

The second  derivative    (Uxx) in     sec^-2 at P is: 3.351639764932121E-07
The second  derivative    (Uyy) in     sec^-2 at P is:-1.411465172669980E-07
The second  derivative    (Uzz) in     sec^-2 at P is:-1.940174592262103E-07

-------------------------------------------------------------------
The Laplace equation ( Uxx + Uyy + Uzz ) at P gives  : 3.785178483042655E-21
-------------------------------------------------------------------

The second  derivative    (Uxy) in     sec^-2 at P is: 6.855938856973167E-08
The second  derivative    (Uxz) in     sec^-2 at P is:-3.404185348737598E-08
The second  derivative    (Uyx) in     sec^-2 at P is: 6.855938856973167E-08
The second  derivative    (Uyz) in     sec^-2 at P is:-3.554240722329159E-09
The second  derivative    (Uzx) in     sec^-2 at P is:-3.404185348737598E-08
The second  derivative    (Uzy) in     sec^-2 at P is:-3.554240722329159E-09

-------------------------------------------------------------------

The Jacobi Constant (J) or (V) in km^2*sec^-2 at P is:-4.168722440159650E-08

-------------------------------------------------------------------

The Rotation Period in hours is: 4.296057000000000E+00
Density: 1.190000000000000E+12
-------------------------------------------------------------------

The first  SRP component in km*sec^-2 at P is: 7.603097353691931E-09
The second SRP component in km*sec^-2 at P is:-1.554143783667563E-08
The third  SRP component in km*sec^-2 at P is: 2.322476917630881E-09
Asteroid angle (degrees) :   0.00000
Sun angle      (degrees) :   0.00000
Particle radius (km): 2.000000000000000E-07

