
The coordinate (X) of the equilibrium point P in km is: 2.715211912030609E-01
The coordinate (Y) of the equilibrium point P in km is:-1.605771848475111E-01
The coordinate (Z) of the equilibrium point P in km is:-7.798194885253907E-04
-------------------------------------------------------------------

The gravitational potential (U) in km^2*sec^-2 at P is:-1.580568747314553E-08
-------------------------------------------------------------------

The first derivative       (Ux) in   km*sec^-2 at P is:-4.479840365112630E-08
The first derivative       (Uy) in   km*sec^-2 at P is: 2.653040017571664E-08
The first derivative       (Uz) in   km*sec^-2 at P is: 3.913558869528189E-15
-------------------------------------------------------------------

Length of the attraction vector in   km*sec^-2 at P is: 5.206495081312309E-08
phi   (angle to x-axis in degrees) : 149.36524
theta (angle to y-axis in degrees) :  59.36524
omega (angle to z-axis in degrees) :  90.00000

-------------------------------------------------------------------

The second  derivative    (Uxx) in     sec^-2 at P is: 2.234023000245700E-07
The second  derivative    (Uyy) in     sec^-2 at P is:-2.686326415132927E-08
The second  derivative    (Uzz) in     sec^-2 at P is:-1.965390358732394E-07

-------------------------------------------------------------------
The Laplace equation ( Uxx + Uyy + Uzz ) at P gives  : 1.270549420881451E-21
-------------------------------------------------------------------

The second  derivative    (Uxy) in     sec^-2 at P is:-2.161856905758806E-07
The second  derivative    (Uxz) in     sec^-2 at P is: 2.256240415191589E-09
The second  derivative    (Uyx) in     sec^-2 at P is:-2.161856905758806E-07
The second  derivative    (Uyz) in     sec^-2 at P is: 7.851474858564833E-10
The second  derivative    (Uzx) in     sec^-2 at P is: 2.256240415191589E-09
The second  derivative    (Uzy) in     sec^-2 at P is: 7.851474858564833E-10

-------------------------------------------------------------------

The Jacobi Constant (J) or (V) in km^2*sec^-2 at P is:-2.401763400693026E-08

-------------------------------------------------------------------

The Rotation Period in hours is: 4.296057000000000E+00
Density: 1.190000000000000E+12
-------------------------------------------------------------------

The first  SRP component in km*sec^-2 at P is: 0.000000000000000E+00
The second SRP component in km*sec^-2 at P is: 0.000000000000000E+00
The third  SRP component in km*sec^-2 at P is: 0.000000000000000E+00
Asteroid angle (degrees) :   0.00000
Sun angle      (degrees) :   0.00000
Particle radius (km): 2.000000000000000E-07

