
The coordinate (X) of the equilibrium point P in km is: 2.725693441470239E-01
The coordinate (Y) of the equilibrium point P in km is:-1.588939980503427E-01
The coordinate (Z) of the equilibrium point P in km is:-1.621843186670797E-03
-------------------------------------------------------------------

The gravitational potential (U) in km^2*sec^-2 at P is:-1.583312327775264E-08
-------------------------------------------------------------------

The first derivative       (Ux) in   km*sec^-2 at P is:-4.497716224554023E-08
The first derivative       (Uy) in   km*sec^-2 at P is: 2.624310243741075E-08
The first derivative       (Uz) in   km*sec^-2 at P is: 2.210636668533799E-21
-------------------------------------------------------------------

Length of the attraction vector in   km*sec^-2 at P is: 5.207346300374196E-08
phi   (angle to x-axis in degrees) : 149.73746
theta (angle to y-axis in degrees) :  59.73746
omega (angle to z-axis in degrees) :  90.00000

-------------------------------------------------------------------

The second  derivative    (Uxx) in     sec^-2 at P is: 2.258726769010100E-07
The second  derivative    (Uyy) in     sec^-2 at P is:-2.814323295578772E-08
The second  derivative    (Uzz) in     sec^-2 at P is:-1.977294439452226E-07

-------------------------------------------------------------------
The Laplace equation ( Uxx + Uyy + Uzz ) at P gives  :-3.176373552203626E-22
-------------------------------------------------------------------

The second  derivative    (Uxy) in     sec^-2 at P is:-2.136039169049884E-07
The second  derivative    (Uxz) in     sec^-2 at P is: 3.261742847365621E-09
The second  derivative    (Uyx) in     sec^-2 at P is:-2.136039169049741E-07
The second  derivative    (Uyz) in     sec^-2 at P is:-4.572355591584079E-10
The second  derivative    (Uzx) in     sec^-2 at P is: 3.261742847415244E-09
The second  derivative    (Uzy) in     sec^-2 at P is:-4.572355593603362E-10

-------------------------------------------------------------------

The Jacobi Constant (J) or (V) in km^2*sec^-2 at P is:-2.404775685479671E-08

-------------------------------------------------------------------

The Rotation Period in hours is: 4.296057000000000E+00
Density: 1.190000000000000E+12

