
The coordinate (X) of the equilibrium point P in km is:-2.952550671450471E-01
The coordinate (Y) of the equilibrium point P in km is:-1.299768523187725E-01
The coordinate (Z) of the equilibrium point P in km is:-2.916090233036141E-03
-------------------------------------------------------------------

The gravitational potential (U) in km^2*sec^-2 at P is:-1.567305231527026E-08
-------------------------------------------------------------------

The first derivative       (Ux) in   km*sec^-2 at P is: 4.871498783582872E-08
The first derivative       (Uy) in   km*sec^-2 at P is: 2.149071695250211E-08
The first derivative       (Uz) in   km*sec^-2 at P is:-2.489746563554639E-21
-------------------------------------------------------------------

Length of the attraction vector in   km*sec^-2 at P is: 5.324472701571022E-08
phi   (angle to x-axis in degrees) :  23.80477
theta (angle to y-axis in degrees) :  66.19523
omega (angle to z-axis in degrees) :  90.00000

-------------------------------------------------------------------

The second  derivative    (Uxx) in     sec^-2 at P is: 3.145961107547479E-07
The second  derivative    (Uyy) in     sec^-2 at P is:-8.603973687768666E-08
The second  derivative    (Uzz) in     sec^-2 at P is:-2.285563738770622E-07

-------------------------------------------------------------------
The Laplace equation ( Uxx + Uyy + Uzz ) at P gives  :-1.032321404466179E-21
-------------------------------------------------------------------

The second  derivative    (Uxy) in     sec^-2 at P is: 2.140788424584595E-07
The second  derivative    (Uxz) in     sec^-2 at P is:-4.890624588590991E-09
The second  derivative    (Uyx) in     sec^-2 at P is: 2.140788424596879E-07
The second  derivative    (Uyz) in     sec^-2 at P is:-1.023400886785840E-09
The second  derivative    (Uzx) in     sec^-2 at P is:-4.890624587867809E-09
The second  derivative    (Uzy) in     sec^-2 at P is:-1.023400887509807E-09

-------------------------------------------------------------------

The Jacobi Constant (J) or (V) in km^2*sec^-2 at P is:-2.426137376744289E-08

-------------------------------------------------------------------

The Rotation Period in hours is: 4.296057000000000E+00
Density: 1.190000000000000E+12

