
The coordinate (X) of the equilibrium point P in km is: 1.857828825153428E-01
The coordinate (Y) of the equilibrium point P in km is:-2.591164086937817E-01
The coordinate (Z) of the equilibrium point P in km is:-2.041028384360326E-03
-------------------------------------------------------------------

The gravitational potential (U) in km^2*sec^-2 at P is:-1.570555141580806E-08
-------------------------------------------------------------------

The first derivative       (Ux) in   km*sec^-2 at P is:-3.068093818318012E-08
The first derivative       (Uy) in   km*sec^-2 at P is: 4.275450438747781E-08
The first derivative       (Uz) in   km*sec^-2 at P is: 2.288528108675398E-21
-------------------------------------------------------------------

Length of the attraction vector in   km*sec^-2 at P is: 5.262383122900668E-08
phi   (angle to x-axis in degrees) : 125.66349
theta (angle to y-axis in degrees) :  35.66349
omega (angle to z-axis in degrees) :  90.00000

-------------------------------------------------------------------

The second  derivative    (Uxx) in     sec^-2 at P is: 1.847340429163692E-08
The second  derivative    (Uyy) in     sec^-2 at P is: 1.912820968204466E-07
The second  derivative    (Uzz) in     sec^-2 at P is:-2.097555011120822E-07

-------------------------------------------------------------------
The Laplace equation ( Uxx + Uyy + Uzz ) at P gives  : 1.297019200483147E-21
-------------------------------------------------------------------

The second  derivative    (Uxy) in     sec^-2 at P is:-2.696749709512580E-07
The second  derivative    (Uxz) in     sec^-2 at P is: 4.003593902858541E-09
The second  derivative    (Uyx) in     sec^-2 at P is:-2.696749709515680E-07
The second  derivative    (Uyz) in     sec^-2 at P is:-3.478103410241329E-09
The second  derivative    (Uzx) in     sec^-2 at P is: 4.003593903037267E-09
The second  derivative    (Uzy) in     sec^-2 at P is:-3.478103409809134E-09

-------------------------------------------------------------------

The Jacobi Constant (J) or (V) in km^2*sec^-2 at P is:-2.409474505005401E-08

-------------------------------------------------------------------

The Rotation Period in hours is: 4.296057000000000E+00
Density: 1.190000000000000E+12

