
The coordinate (X) of the equilibrium point P in km is: 7.998693476893645E-02
The coordinate (Y) of the equilibrium point P in km is: 3.035964383884608E-01
The coordinate (Z) of the equilibrium point P in km is: 9.040624849326822E-04
-------------------------------------------------------------------

The gravitational potential (U) in km^2*sec^-2 at P is:-1.580582560810491E-08
-------------------------------------------------------------------

The first derivative       (Ux) in   km*sec^-2 at P is:-1.323698316609075E-08
The first derivative       (Uy) in   km*sec^-2 at P is:-5.009922702418276E-08
The first derivative       (Uz) in   km*sec^-2 at P is:-1.349199772058423E-21
-------------------------------------------------------------------

Length of the attraction vector in   km*sec^-2 at P is: 5.181843563597780E-08
phi   (angle to x-axis in degrees) : 104.80021
theta (angle to y-axis in degrees) : 165.19979
omega (angle to z-axis in degrees) :  90.00000

-------------------------------------------------------------------

The second  derivative    (Uxx) in     sec^-2 at P is:-1.192450385486613E-07
The second  derivative    (Uyy) in     sec^-2 at P is: 3.185037942701360E-07
The second  derivative    (Uzz) in     sec^-2 at P is:-1.992587557214710E-07

-------------------------------------------------------------------
The Laplace equation ( Uxx + Uyy + Uzz ) at P gives  : 3.679299364635867E-21
-------------------------------------------------------------------

The second  derivative    (Uxy) in     sec^-2 at P is: 1.232909227931430E-07
The second  derivative    (Uxz) in     sec^-2 at P is:-2.118861876657567E-09
The second  derivative    (Uyx) in     sec^-2 at P is: 1.232909227929543E-07
The second  derivative    (Uyz) in     sec^-2 at P is:-3.349555839336661E-09
The second  derivative    (Uzx) in     sec^-2 at P is:-2.118861876818951E-09
The second  derivative    (Uzy) in     sec^-2 at P is:-3.349555838903340E-09

-------------------------------------------------------------------

The Jacobi Constant (J) or (V) in km^2*sec^-2 at P is:-2.394019199358188E-08

-------------------------------------------------------------------

The Rotation Period in hours is: 4.296057000000000E+00
Density: 1.190000000000000E+12

