
The coordinate (X) of the equilibrium point P in km is:-1.980763648890730E-03
The coordinate (Y) of the equilibrium point P in km is:-3.152441773051057E-01
The coordinate (Z) of the equilibrium point P in km is:-2.455477922491822E-03
-------------------------------------------------------------------

The gravitational potential (U) in km^2*sec^-2 at P is:-1.579156250244845E-08
-------------------------------------------------------------------

The first derivative       (Ux) in   km*sec^-2 at P is: 3.400456130389578E-10
The first derivative       (Uy) in   km*sec^-2 at P is: 5.203086561118923E-08
The first derivative       (Uz) in   km*sec^-2 at P is:-3.068250613634092E-21
-------------------------------------------------------------------

Length of the attraction vector in   km*sec^-2 at P is: 5.203197677648411E-08
phi   (angle to x-axis in degrees) :  89.62555
theta (angle to y-axis in degrees) :   0.37445
omega (angle to z-axis in degrees) :  90.00000

-------------------------------------------------------------------

The second  derivative    (Uxx) in     sec^-2 at P is:-1.554216731674528E-07
The second  derivative    (Uyy) in     sec^-2 at P is: 3.527348121280069E-07
The second  derivative    (Uzz) in     sec^-2 at P is:-1.973131389605581E-07

-------------------------------------------------------------------
The Laplace equation ( Uxx + Uyy + Uzz ) at P gives  :-3.891057601449442E-21
-------------------------------------------------------------------

The second  derivative    (Uxy) in     sec^-2 at P is: 1.455040422539943E-09
The second  derivative    (Uxz) in     sec^-2 at P is: 4.689862582915468E-09
The second  derivative    (Uyx) in     sec^-2 at P is: 1.455040423277078E-09
The second  derivative    (Uyz) in     sec^-2 at P is:-1.476266117286416E-09
The second  derivative    (Uzx) in     sec^-2 at P is: 4.689862582623406E-09
The second  derivative    (Uzy) in     sec^-2 at P is:-1.476266116795943E-09

-------------------------------------------------------------------

The Jacobi Constant (J) or (V) in km^2*sec^-2 at P is:-2.399311298517065E-08

-------------------------------------------------------------------

The Rotation Period in hours is: 4.296057000000000E+00
Density: 1.190000000000000E+12

