
The coordinate (X) of the equilibrium point P in km is:-2.738885088006629E-01
The coordinate (Y) of the equilibrium point P in km is: 1.619772125719716E-01
The coordinate (Z) of the equilibrium point P in km is:-2.351805414591869E-03
-------------------------------------------------------------------

The gravitational potential (U) in km^2*sec^-2 at P is:-1.575942294842598E-08
-------------------------------------------------------------------

The first derivative       (Ux) in   km*sec^-2 at P is: 4.519039208777505E-08
The first derivative       (Uy) in   km*sec^-2 at P is:-2.675933696264649E-08
The first derivative       (Uz) in   km*sec^-2 at P is: 2.267120714553418E-21
-------------------------------------------------------------------

Length of the attraction vector in   km*sec^-2 at P is: 5.251888852334273E-08
phi   (angle to x-axis in degrees) :  30.63175
theta (angle to y-axis in degrees) : 120.63175
omega (angle to z-axis in degrees) :  90.00000

-------------------------------------------------------------------

The second  derivative    (Uxx) in     sec^-2 at P is: 2.304508469473975E-07
The second  derivative    (Uyy) in     sec^-2 at P is:-1.788729563808278E-08
The second  derivative    (Uzz) in     sec^-2 at P is:-2.125635513093236E-07

-------------------------------------------------------------------
The Laplace equation ( Uxx + Uyy + Uzz ) at P gives  :-8.867376166568457E-21
-------------------------------------------------------------------

The second  derivative    (Uxy) in     sec^-2 at P is:-2.265531649754393E-07
The second  derivative    (Uxz) in     sec^-2 at P is:-2.905553070049277E-09
The second  derivative    (Uyx) in     sec^-2 at P is:-2.265531649752915E-07
The second  derivative    (Uyz) in     sec^-2 at P is: 5.692609753657651E-09
The second  derivative    (Uzx) in     sec^-2 at P is:-2.905553069198048E-09
The second  derivative    (Uzy) in     sec^-2 at P is: 5.692609748346974E-09

-------------------------------------------------------------------

The Jacobi Constant (J) or (V) in km^2*sec^-2 at P is:-2.411518906895788E-08

-------------------------------------------------------------------

The Rotation Period in hours is: 4.296057000000000E+00
Density: 1.190000000000000E+12

