
The coordinate (X) of the equilibrium point P in km is: 3.114700313511580E-01
The coordinate (Y) of the equilibrium point P in km is: 8.415771429005682E-02
The coordinate (Z) of the equilibrium point P in km is:-6.411589796735593E-04
-------------------------------------------------------------------

The gravitational potential (U) in km^2*sec^-2 at P is:-1.565423689377335E-08
-------------------------------------------------------------------

The first derivative       (Ux) in   km*sec^-2 at P is:-5.140131087788966E-08
The first derivative       (Uy) in   km*sec^-2 at P is:-1.391505774723975E-08
The first derivative       (Uz) in   km*sec^-2 at P is: 2.530445461973987E-21
-------------------------------------------------------------------

Length of the attraction vector in   km*sec^-2 at P is: 5.325151258015565E-08
phi   (angle to x-axis in degrees) : 164.85230
theta (angle to y-axis in degrees) : 105.14770
omega (angle to z-axis in degrees) :  90.00000

-------------------------------------------------------------------

The second  derivative    (Uxx) in     sec^-2 at P is: 3.709871072698934E-07
The second  derivative    (Uyy) in     sec^-2 at P is:-1.489343402634804E-07
The second  derivative    (Uzz) in     sec^-2 at P is:-2.220527670064137E-07

-------------------------------------------------------------------
The Laplace equation ( Uxx + Uyy + Uzz ) at P gives  :-7.411538288475128E-22
-------------------------------------------------------------------

The second  derivative    (Uxy) in     sec^-2 at P is: 1.474517986123975E-07
The second  derivative    (Uxz) in     sec^-2 at P is: 6.258773907527285E-10
The second  derivative    (Uyx) in     sec^-2 at P is: 1.474517986116986E-07
The second  derivative    (Uyz) in     sec^-2 at P is:-3.767754848519938E-09
The second  derivative    (Uzx) in     sec^-2 at P is: 6.258773929734727E-10
The second  derivative    (Uzy) in     sec^-2 at P is:-3.767754847558427E-09

-------------------------------------------------------------------

The Jacobi Constant (J) or (V) in km^2*sec^-2 at P is:-2.424475057619907E-08

-------------------------------------------------------------------

The Rotation Period in hours is: 4.296057000000000E+00
Density: 1.190000000000000E+12

