
The coordinate (X) of the equilibrium point P in km is:-2.964065104578295E-01
The coordinate (Y) of the equilibrium point P in km is:-1.282665508888185E-01
The coordinate (Z) of the equilibrium point P in km is:-2.579970280149938E-03
-------------------------------------------------------------------

The gravitational potential (U) in km^2*sec^-2 at P is:-1.564275872077152E-08
-------------------------------------------------------------------

The first derivative       (Ux) in   km*sec^-2 at P is: 4.891431650608154E-08
The first derivative       (Uy) in   km*sec^-2 at P is: 2.118764102785303E-08
The first derivative       (Uz) in   km*sec^-2 at P is: 3.710241130100217E-21
-------------------------------------------------------------------

Length of the attraction vector in   km*sec^-2 at P is: 5.330597050596005E-08
phi   (angle to x-axis in degrees) :  23.42025
theta (angle to y-axis in degrees) :  66.57975
omega (angle to z-axis in degrees) :  90.00000

-------------------------------------------------------------------

The second  derivative    (Uxx) in     sec^-2 at P is: 3.213072078870986E-07
The second  derivative    (Uyy) in     sec^-2 at P is:-9.073607261317915E-08
The second  derivative    (Uzz) in     sec^-2 at P is:-2.305711352739146E-07

-------------------------------------------------------------------
The Laplace equation ( Uxx + Uyy + Uzz ) at P gives  : 4.870439446712227E-21
-------------------------------------------------------------------

The second  derivative    (Uxy) in     sec^-2 at P is: 2.123827422408145E-07
The second  derivative    (Uxz) in     sec^-2 at P is:-4.409067369322031E-09
The second  derivative    (Uyx) in     sec^-2 at P is: 2.123827422402122E-07
The second  derivative    (Uyz) in     sec^-2 at P is:-5.247581259043651E-10
The second  derivative    (Uzx) in     sec^-2 at P is:-4.409067370209761E-09
The second  derivative    (Uzy) in     sec^-2 at P is:-5.247581251021849E-10

-------------------------------------------------------------------

The Jacobi Constant (J) or (V) in km^2*sec^-2 at P is:-2.425085235658245E-08

-------------------------------------------------------------------

The Rotation Period in hours is: 4.296057000000000E+00
Density: 1.190000000000000E+12

