
The coordinate (X) of the equilibrium point P in km is:-1.938250597648807E-01
The coordinate (Y) of the equilibrium point P in km is: 2.564686986318020E-01
The coordinate (Z) of the equilibrium point P in km is:-2.245900473440803E-04
-------------------------------------------------------------------

The gravitational potential (U) in km^2*sec^-2 at P is:-1.563956232825048E-08
-------------------------------------------------------------------

The first derivative       (Ux) in   km*sec^-2 at P is: 3.200902121451460E-08
The first derivative       (Uy) in   km*sec^-2 at P is:-4.231627563023897E-08
The first derivative       (Uz) in   km*sec^-2 at P is:-1.946424500714315E-21
-------------------------------------------------------------------

Length of the attraction vector in   km*sec^-2 at P is: 5.305887882650369E-08
phi   (angle to x-axis in degrees) :  52.89529
theta (angle to y-axis in degrees) : 142.89529
omega (angle to z-axis in degrees) :  90.00000

-------------------------------------------------------------------

The second  derivative    (Uxx) in     sec^-2 at P is: 3.329446664067092E-08
The second  derivative    (Uyy) in     sec^-2 at P is: 1.920534488875263E-07
The second  derivative    (Uzz) in     sec^-2 at P is:-2.253479155282002E-07

-------------------------------------------------------------------
The Laplace equation ( Uxx + Uyy + Uzz ) at P gives  :-3.044024654195142E-21
-------------------------------------------------------------------

The second  derivative    (Uxy) in     sec^-2 at P is:-2.860399370469869E-07
The second  derivative    (Uxz) in     sec^-2 at P is: 2.190053127191382E-09
The second  derivative    (Uyx) in     sec^-2 at P is:-2.860399370467487E-07
The second  derivative    (Uyz) in     sec^-2 at P is: 2.123775804579412E-09
The second  derivative    (Uzx) in     sec^-2 at P is: 2.190053129323752E-09
The second  derivative    (Uzy) in     sec^-2 at P is: 2.123775807787286E-09

-------------------------------------------------------------------

The Jacobi Constant (J) or (V) in km^2*sec^-2 at P is:-2.416803762412593E-08

-------------------------------------------------------------------

The Rotation Period in hours is: 4.296057000000000E+00
Density: 1.190000000000000E+12

