
The coordinate (X) of the equilibrium point P in km is:-2.971342525163443E-01
The coordinate (Y) of the equilibrium point P in km is:-1.263708947730185E-01
The coordinate (Z) of the equilibrium point P in km is:-2.620684110037410E-03
-------------------------------------------------------------------

The gravitational potential (U) in km^2*sec^-2 at P is:-1.564309077214379E-08
-------------------------------------------------------------------

The first derivative       (Ux) in   km*sec^-2 at P is: 4.902886088059454E-08
The first derivative       (Uy) in   km*sec^-2 at P is: 2.088816002344332E-08
The first derivative       (Uz) in   km*sec^-2 at P is: 2.009819677079236E-22
-------------------------------------------------------------------

Length of the attraction vector in   km*sec^-2 at P is: 5.329300543611393E-08
phi   (angle to x-axis in degrees) :  23.07585
theta (angle to y-axis in degrees) :  66.92415
omega (angle to z-axis in degrees) :  90.00000

-------------------------------------------------------------------

The second  derivative    (Uxx) in     sec^-2 at P is: 3.239434384160157E-07
The second  derivative    (Uyy) in     sec^-2 at P is:-9.341563422419585E-08
The second  derivative    (Uzz) in     sec^-2 at P is:-2.305278041918154E-07

-------------------------------------------------------------------
The Laplace equation ( Uxx + Uyy + Uzz ) at P gives  : 4.420453193483380E-21
-------------------------------------------------------------------

The second  derivative    (Uxy) in     sec^-2 at P is: 2.091059277140343E-07
The second  derivative    (Uxz) in     sec^-2 at P is:-4.521605379356828E-09
The second  derivative    (Uyx) in     sec^-2 at P is: 2.091059277140343E-07
The second  derivative    (Uyz) in     sec^-2 at P is:-1.434132470385806E-09
The second  derivative    (Uzx) in     sec^-2 at P is:-4.521605379356828E-09
The second  derivative    (Uzy) in     sec^-2 at P is:-1.434132470385806E-09

-------------------------------------------------------------------

The Jacobi Constant (J) or (V) in km^2*sec^-2 at P is:-2.424699540977298E-08

-------------------------------------------------------------------

The Rotation Period in hours is: 4.296057000000000E+00
Density: 1.190000000000000E+12

