
The coordinate (X) of the equilibrium point P in km is: 1.903925207964790E-01
The coordinate (Y) of the equilibrium point P in km is:-2.552451696528476E-01
The coordinate (Z) of the equilibrium point P in km is:-1.462124467860360E-03
-------------------------------------------------------------------

The gravitational potential (U) in km^2*sec^-2 at P is:-1.568519478163276E-08
-------------------------------------------------------------------

The first derivative       (Ux) in   km*sec^-2 at P is:-3.144610848745245E-08
The first derivative       (Uy) in   km*sec^-2 at P is: 4.211180674098239E-08
The first derivative       (Uz) in   km*sec^-2 at P is: 2.098913249061663E-22
-------------------------------------------------------------------

Length of the attraction vector in   km*sec^-2 at P is: 5.255722601122018E-08
phi   (angle to x-axis in degrees) : 126.74976
theta (angle to y-axis in degrees) :  36.74976
omega (angle to z-axis in degrees) :  90.00000

-------------------------------------------------------------------

The second  derivative    (Uxx) in     sec^-2 at P is: 3.040540186739260E-08
The second  derivative    (Uyy) in     sec^-2 at P is: 1.765206417053318E-07
The second  derivative    (Uzz) in     sec^-2 at P is:-2.069260435727262E-07

-------------------------------------------------------------------
The Laplace equation ( Uxx + Uyy + Uzz ) at P gives  :-1.773475233313691E-21
-------------------------------------------------------------------

The second  derivative    (Uxy) in     sec^-2 at P is:-2.720406444254689E-07
The second  derivative    (Uxz) in     sec^-2 at P is: 3.750960273492949E-09
The second  derivative    (Uyx) in     sec^-2 at P is:-2.720406444254689E-07
The second  derivative    (Uyz) in     sec^-2 at P is:-4.768274473521570E-09
The second  derivative    (Uzx) in     sec^-2 at P is: 3.750960273492949E-09
The second  derivative    (Uzy) in     sec^-2 at P is:-4.768274473521570E-09

-------------------------------------------------------------------

The Jacobi Constant (J) or (V) in km^2*sec^-2 at P is:-2.405316434156231E-08

-------------------------------------------------------------------

The Rotation Period in hours is: 4.296057000000000E+00
Density: 1.190000000000000E+12

