
The coordinate (X) of the equilibrium point P in km is: 8.194313611918590E-02
The coordinate (Y) of the equilibrium point P in km is: 3.032738162076078E-01
The coordinate (Z) of the equilibrium point P in km is: 1.895949081163728E-03
-------------------------------------------------------------------

The gravitational potential (U) in km^2*sec^-2 at P is:-1.577625027017148E-08
-------------------------------------------------------------------

The first derivative       (Ux) in   km*sec^-2 at P is:-1.355422037175849E-08
The first derivative       (Uy) in   km*sec^-2 at P is:-5.004726427830616E-08
The first derivative       (Uz) in   km*sec^-2 at P is:-2.919899553121020E-19
-------------------------------------------------------------------

Length of the attraction vector in   km*sec^-2 at P is: 5.185022229102603E-08
phi   (angle to x-axis in degrees) : 105.15380
theta (angle to y-axis in degrees) : 164.84620
omega (angle to z-axis in degrees) :  90.00000

-------------------------------------------------------------------

The second  derivative    (Uxx) in     sec^-2 at P is:-1.188993167057760E-07
The second  derivative    (Uyy) in     sec^-2 at P is: 3.194101253143740E-07
The second  derivative    (Uzz) in     sec^-2 at P is:-2.005108086085982E-07

-------------------------------------------------------------------
The Laplace equation ( Uxx + Uyy + Uzz ) at P gives  :-2.117582368135751E-22
-------------------------------------------------------------------

The second  derivative    (Uxy) in     sec^-2 at P is: 1.263865744032619E-07
The second  derivative    (Uxz) in     sec^-2 at P is:-2.762396051889071E-09
The second  derivative    (Uyx) in     sec^-2 at P is: 1.263865744032619E-07
The second  derivative    (Uyz) in     sec^-2 at P is:-5.283042943978260E-09
The second  derivative    (Uzx) in     sec^-2 at P is:-2.762396051889071E-09
The second  derivative    (Uzy) in     sec^-2 at P is:-5.283042943978260E-09

-------------------------------------------------------------------

The Jacobi Constant (J) or (V) in km^2*sec^-2 at P is:-2.392060034676007E-08

-------------------------------------------------------------------

The Rotation Period in hours is: 4.296057000000000E+00
Density: 1.190000000000000E+12

