
The coordinate (X) of the equilibrium point P in km is: 2.715211902473008E-01
The coordinate (Y) of the equilibrium point P in km is:-1.605771842822761E-01
The coordinate (Z) of the equilibrium point P in km is:-7.797995848647424E-04
-------------------------------------------------------------------

The gravitational potential (U) in km^2*sec^-2 at P is:-1.580568753095802E-08
-------------------------------------------------------------------

The first derivative       (Ux) in   km*sec^-2 at P is:-4.479840394193302E-08
The first derivative       (Uy) in   km*sec^-2 at P is: 2.653040038278108E-08
The first derivative       (Uz) in   km*sec^-2 at P is: 2.220392274884926E-23
-------------------------------------------------------------------

Length of the attraction vector in   km*sec^-2 at P is: 5.206495116885515E-08
phi   (angle to x-axis in degrees) : 149.36524
theta (angle to y-axis in degrees) :  59.36524
omega (angle to z-axis in degrees) :  90.00000

-------------------------------------------------------------------

The second  derivative    (Uxx) in     sec^-2 at P is: 2.234023007470502E-07
The second  derivative    (Uyy) in     sec^-2 at P is:-2.686326323700068E-08
The second  derivative    (Uzz) in     sec^-2 at P is:-1.965390375100492E-07

-------------------------------------------------------------------
The Laplace equation ( Uxx + Uyy + Uzz ) at P gives  : 3.176373552203626E-22
-------------------------------------------------------------------

The second  derivative    (Uxy) in     sec^-2 at P is:-2.161856931431356E-07
The second  derivative    (Uxz) in     sec^-2 at P is: 2.256279827294116E-09
The second  derivative    (Uyx) in     sec^-2 at P is:-2.161856931431356E-07
The second  derivative    (Uyz) in     sec^-2 at P is: 7.851251839296410E-10
The second  derivative    (Uzx) in     sec^-2 at P is: 2.256279827294116E-09
The second  derivative    (Uzy) in     sec^-2 at P is: 7.851251839296410E-10

-------------------------------------------------------------------

The Jacobi Constant (J) or (V) in km^2*sec^-2 at P is:-2.401763400693032E-08

-------------------------------------------------------------------

The Rotation Period in hours is: 4.296057000000000E+00
Density: 1.190000000000000E+12

