
The coordinate (X) of the equilibrium point P in km is: 7.902888184240496E-03
The coordinate (Y) of the equilibrium point P in km is:-3.143797199367018E-01
The coordinate (Z) of the equilibrium point P in km is:-1.375094548947234E-03
-------------------------------------------------------------------

The gravitational potential (U) in km^2*sec^-2 at P is:-1.577454403689208E-08
-------------------------------------------------------------------

The first derivative       (Ux) in   km*sec^-2 at P is:-1.279973882374296E-09
The first derivative       (Uy) in   km*sec^-2 at P is: 5.188888292397005E-08
The first derivative       (Uz) in   km*sec^-2 at P is:-1.500328118534856E-22
-------------------------------------------------------------------

Length of the attraction vector in   km*sec^-2 at P is: 5.190466746100038E-08
phi   (angle to x-axis in degrees) :  91.41306
theta (angle to y-axis in degrees) :   1.41306
omega (angle to z-axis in degrees) :  90.00000

-------------------------------------------------------------------

The second  derivative    (Uxx) in     sec^-2 at P is:-1.519084322030844E-07
The second  derivative    (Uyy) in     sec^-2 at P is: 3.471746473754595E-07
The second  derivative    (Uzz) in     sec^-2 at P is:-1.952662151723779E-07

-------------------------------------------------------------------
The Laplace equation ( Uxx + Uyy + Uzz ) at P gives  :-2.779326858178173E-21
-------------------------------------------------------------------

The second  derivative    (Uxy) in     sec^-2 at P is:-1.491803736699357E-08
The second  derivative    (Uxz) in     sec^-2 at P is: 3.817378666479015E-09
The second  derivative    (Uyx) in     sec^-2 at P is:-1.491803736699357E-08
The second  derivative    (Uyz) in     sec^-2 at P is: 5.264752422179731E-10
The second  derivative    (Uzx) in     sec^-2 at P is: 3.817378666479015E-09
The second  derivative    (Uzy) in     sec^-2 at P is: 5.264752422179731E-10

-------------------------------------------------------------------

The Jacobi Constant (J) or (V) in km^2*sec^-2 at P is:-2.393600801451261E-08

-------------------------------------------------------------------

The Rotation Period in hours is: 4.296057000000000E+00
Density: 1.190000000000000E+12

