
The coordinate (X) of the equilibrium point P in km is: 1.872503314309431E-01
The coordinate (Y) of the equilibrium point P in km is:-2.577279707837853E-01
The coordinate (Z) of the equilibrium point P in km is:-1.822593258794419E-03
-------------------------------------------------------------------

The gravitational potential (U) in km^2*sec^-2 at P is:-1.571089271085918E-08
-------------------------------------------------------------------

The first derivative       (Ux) in   km*sec^-2 at P is:-3.093125534115242E-08
The first derivative       (Uy) in   km*sec^-2 at P is: 4.251928094406358E-08
The first derivative       (Uz) in   km*sec^-2 at P is: 4.078953616295423E-23
-------------------------------------------------------------------

Length of the attraction vector in   km*sec^-2 at P is: 5.257976615562091E-08
phi   (angle to x-axis in degrees) : 126.03455
theta (angle to y-axis in degrees) :  36.03455
omega (angle to z-axis in degrees) :  90.00000

-------------------------------------------------------------------

The second  derivative    (Uxx) in     sec^-2 at P is: 2.260461568729107E-08
The second  derivative    (Uyy) in     sec^-2 at P is: 1.849779782537606E-07
The second  derivative    (Uzz) in     sec^-2 at P is:-2.075825939410511E-07

-------------------------------------------------------------------
The Laplace equation ( Uxx + Uyy + Uzz ) at P gives  : 5.823351512373315E-22
-------------------------------------------------------------------

The second  derivative    (Uxy) in     sec^-2 at P is:-2.689629779804046E-07
The second  derivative    (Uxz) in     sec^-2 at P is: 2.872989329257150E-09
The second  derivative    (Uyx) in     sec^-2 at P is:-2.689629779804046E-07
The second  derivative    (Uyz) in     sec^-2 at P is:-2.921273645456721E-09
The second  derivative    (Uzx) in     sec^-2 at P is: 2.872989329257150E-09
The second  derivative    (Uzy) in     sec^-2 at P is:-2.921273645456721E-09

-------------------------------------------------------------------

The Jacobi Constant (J) or (V) in km^2*sec^-2 at P is:-2.408604068860730E-08

-------------------------------------------------------------------

The Rotation Period in hours is: 4.296057000000000E+00
Density: 1.190000000000000E+12

