
The coordinate (X) of the equilibrium point P in km is: 3.101047033490533E-01
The coordinate (Y) of the equilibrium point P in km is: 9.009374472178386E-02
The coordinate (Z) of the equilibrium point P in km is:-1.360475504126735E-03
-------------------------------------------------------------------

The gravitational potential (U) in km^2*sec^-2 at P is:-1.567033362599828E-08
-------------------------------------------------------------------

The first derivative       (Ux) in   km*sec^-2 at P is:-5.116715007656073E-08
The first derivative       (Uy) in   km*sec^-2 at P is:-1.492339576163685E-08
The first derivative       (Uz) in   km*sec^-2 at P is:-1.069947822969363E-22
-------------------------------------------------------------------

Length of the attraction vector in   km*sec^-2 at P is: 5.329901488785445E-08
phi   (angle to x-axis in degrees) : 163.74016
theta (angle to y-axis in degrees) : 106.25984
omega (angle to z-axis in degrees) :  90.00000

-------------------------------------------------------------------

The second  derivative    (Uxx) in     sec^-2 at P is: 3.674382469354871E-07
The second  derivative    (Uyy) in     sec^-2 at P is:-1.427054305883628E-07
The second  derivative    (Uzz) in     sec^-2 at P is:-2.247328163471221E-07

-------------------------------------------------------------------
The Laplace equation ( Uxx + Uyy + Uzz ) at P gives  : 2.223461486542538E-21
-------------------------------------------------------------------

The second  derivative    (Uxy) in     sec^-2 at P is: 1.594657573889766E-07
The second  derivative    (Uxz) in     sec^-2 at P is: 1.836012463808422E-09
The second  derivative    (Uyx) in     sec^-2 at P is: 1.594657573889766E-07
The second  derivative    (Uyz) in     sec^-2 at P is:-2.627544111174038E-09
The second  derivative    (Uzx) in     sec^-2 at P is: 1.836012463808422E-09
The second  derivative    (Uzy) in     sec^-2 at P is:-2.627544111174038E-09

-------------------------------------------------------------------

The Jacobi Constant (J) or (V) in km^2*sec^-2 at P is:-2.427617287792583E-08

-------------------------------------------------------------------

The Rotation Period in hours is: 4.296057000000000E+00
Density: 1.190000000000000E+12

