
The coordinate (X) of the equilibrium point P in km is:-2.769427442675548E-01
The coordinate (Y) of the equilibrium point P in km is: 1.568143066470642E-01
The coordinate (Z) of the equilibrium point P in km is:-3.011661817163913E-03
-------------------------------------------------------------------

The gravitational potential (U) in km^2*sec^-2 at P is:-1.578186136773676E-08
-------------------------------------------------------------------

The first derivative       (Ux) in   km*sec^-2 at P is: 4.570067925268474E-08
The first derivative       (Uy) in   km*sec^-2 at P is:-2.589739060061161E-08
The first derivative       (Uz) in   km*sec^-2 at P is: 3.444816481145350E-22
-------------------------------------------------------------------

Length of the attraction vector in   km*sec^-2 at P is: 5.252834400661624E-08
phi   (angle to x-axis in degrees) :  29.53910
theta (angle to y-axis in degrees) : 119.53910
omega (angle to z-axis in degrees) :  90.00000

-------------------------------------------------------------------

The second  derivative    (Uxx) in     sec^-2 at P is: 2.391922678256972E-07
The second  derivative    (Uyy) in     sec^-2 at P is:-2.736071667014528E-08
The second  derivative    (Uzz) in     sec^-2 at P is:-2.118315511555513E-07

-------------------------------------------------------------------
The Laplace equation ( Uxx + Uyy + Uzz ) at P gives  : 5.823351512373315E-22
-------------------------------------------------------------------

The second  derivative    (Uxy) in     sec^-2 at P is:-2.239039638646832E-07
The second  derivative    (Uxz) in     sec^-2 at P is:-5.815795248391371E-09
The second  derivative    (Uyx) in     sec^-2 at P is:-2.239039638646832E-07
The second  derivative    (Uyz) in     sec^-2 at P is: 4.785985042380946E-09
The second  derivative    (Uzx) in     sec^-2 at P is:-5.815795248391371E-09
The second  derivative    (Uzy) in     sec^-2 at P is: 4.785985042380946E-09

-------------------------------------------------------------------

The Jacobi Constant (J) or (V) in km^2*sec^-2 at P is:-2.414063780662298E-08

-------------------------------------------------------------------

The Rotation Period in hours is: 4.296057000000000E+00
Density: 1.190000000000000E+12

