
The coordinate (X) of the equilibrium point P in km is: 2.725475347139427E-01
The coordinate (Y) of the equilibrium point P in km is:-1.588812842654219E-01
The coordinate (Z) of the equilibrium point P in km is:-1.577854656209898E-03
-------------------------------------------------------------------

The gravitational potential (U) in km^2*sec^-2 at P is:-1.583188619583173E-08
-------------------------------------------------------------------

The first derivative       (Ux) in   km*sec^-2 at P is:-4.496312523699149E-08
The first derivative       (Uy) in   km*sec^-2 at P is: 2.625890842936557E-08
The first derivative       (Uz) in   km*sec^-2 at P is:-5.262886160270704E-23
-------------------------------------------------------------------

Length of the attraction vector in   km*sec^-2 at P is: 5.206930864702534E-08
phi   (angle to x-axis in degrees) : 149.71465
theta (angle to y-axis in degrees) :  59.71465
omega (angle to z-axis in degrees) :  90.00000

-------------------------------------------------------------------

The second  derivative    (Uxx) in     sec^-2 at P is: 2.258118037240978E-07
The second  derivative    (Uyy) in     sec^-2 at P is:-2.832774105772541E-08
The second  derivative    (Uzz) in     sec^-2 at P is:-1.974840626663728E-07

-------------------------------------------------------------------
The Laplace equation ( Uxx + Uyy + Uzz ) at P gives  :-4.235164736271502E-22
-------------------------------------------------------------------

The second  derivative    (Uxy) in     sec^-2 at P is:-2.140268859952341E-07
The second  derivative    (Uxz) in     sec^-2 at P is: 3.350650194558829E-09
The second  derivative    (Uyx) in     sec^-2 at P is:-2.140268859952341E-07
The second  derivative    (Uyz) in     sec^-2 at P is:-4.434643303040385E-10
The second  derivative    (Uzx) in     sec^-2 at P is: 3.350650194558829E-09
The second  derivative    (Uzy) in     sec^-2 at P is:-4.434643303040385E-10

-------------------------------------------------------------------

The Jacobi Constant (J) or (V) in km^2*sec^-2 at P is:-2.404520524989223E-08

-------------------------------------------------------------------

The Rotation Period in hours is: 4.296057000000000E+00
Density: 1.190000000000000E+12

