
The coordinate (X) of the equilibrium point P in km is:-2.969406987042729E-01
The coordinate (Y) of the equilibrium point P in km is:-1.262885765340035E-01
The coordinate (Z) of the equilibrium point P in km is:-2.759629087433383E-03
-------------------------------------------------------------------

The gravitational potential (U) in km^2*sec^-2 at P is:-1.567093871188413E-08
-------------------------------------------------------------------

The first derivative       (Ux) in   km*sec^-2 at P is: 4.899455721198390E-08
The first derivative       (Uy) in   km*sec^-2 at P is: 2.088011889206892E-08
The first derivative       (Uz) in   km*sec^-2 at P is: 1.355318066106446E-22
-------------------------------------------------------------------

Length of the attraction vector in   km*sec^-2 at P is: 5.325829514118244E-08
phi   (angle to x-axis in degrees) :  23.08236
theta (angle to y-axis in degrees) :  66.91764
omega (angle to z-axis in degrees) :  90.00000

-------------------------------------------------------------------

The second  derivative    (Uxx) in     sec^-2 at P is: 3.215876971393978E-07
The second  derivative    (Uyy) in     sec^-2 at P is:-9.214055757450096E-08
The second  derivative    (Uzz) in     sec^-2 at P is:-2.294471395648986E-07

-------------------------------------------------------------------
The Laplace equation ( Uxx + Uyy + Uzz ) at P gives  :-1.747005453711994E-21
-------------------------------------------------------------------

The second  derivative    (Uxy) in     sec^-2 at P is: 2.085465439676611E-07
The second  derivative    (Uxz) in     sec^-2 at P is:-4.010158407293509E-09
The second  derivative    (Uyx) in     sec^-2 at P is: 2.085465439676611E-07
The second  derivative    (Uyz) in     sec^-2 at P is:-9.623359114246778E-10
The second  derivative    (Uzx) in     sec^-2 at P is:-4.010158407293509E-09
The second  derivative    (Uzy) in     sec^-2 at P is:-9.623359114246778E-10

-------------------------------------------------------------------

The Jacobi Constant (J) or (V) in km^2*sec^-2 at P is:-2.426363780096820E-08

-------------------------------------------------------------------

The Rotation Period in hours is: 4.296057000000000E+00
Density: 1.190000000000000E+12

