
The coordinate (X) of the equilibrium point P in km is:-3.137327354958011E-01
The coordinate (Y) of the equilibrium point P in km is:-9.328934814864222E-02
The coordinate (Z) of the equilibrium point P in km is:-2.302567196949261E-03
-------------------------------------------------------------------

The gravitational potential (U) in km^2*sec^-2 at P is:-1.641131375368292E-08
-------------------------------------------------------------------

The first derivative       (Ux) in   km*sec^-2 at P is: 5.173981065559506E-08
The first derivative       (Uy) in   km*sec^-2 at P is: 1.541378900090868E-08
The first derivative       (Uz) in   km*sec^-2 at P is:-2.953778245738290E-22
-------------------------------------------------------------------

Length of the attraction vector in   km*sec^-2 at P is: 5.398696970604445E-08
phi   (angle to x-axis in degrees) :  16.58930
theta (angle to y-axis in degrees) :  73.41070
omega (angle to z-axis in degrees) :  90.00000

-------------------------------------------------------------------

The second  derivative    (Uxx) in     sec^-2 at P is: 3.461504711726547E-07
The second  derivative    (Uyy) in     sec^-2 at P is:-1.341580908844118E-07
The second  derivative    (Uzz) in     sec^-2 at P is:-2.119923802882415E-07

-------------------------------------------------------------------
The Laplace equation ( Uxx + Uyy + Uzz ) at P gives  : 1.349958759686541E-21
-------------------------------------------------------------------

The second  derivative    (Uxy) in     sec^-2 at P is: 1.542191483263788E-07
The second  derivative    (Uxz) in     sec^-2 at P is:-3.050848922455384E-09
The second  derivative    (Uyx) in     sec^-2 at P is: 1.542191483263744E-07
The second  derivative    (Uyz) in     sec^-2 at P is:-3.661810099601146E-10
The second  derivative    (Uzx) in     sec^-2 at P is:-3.050848922380216E-09
The second  derivative    (Uzy) in     sec^-2 at P is:-3.661810099477958E-10

-------------------------------------------------------------------

The Jacobi Constant (J) or (V) in km^2*sec^-2 at P is:-2.524652110936115E-08

-------------------------------------------------------------------

The Rotation Period in hours is: 4.297460000000000E+00
Density: 1.260000000000000E+12

