
The coordinate (X) of the equilibrium point P in km is: 1.645468681992943E-01
The coordinate (Y) of the equilibrium point P in km is:-2.782335591736343E-01
The coordinate (Z) of the equilibrium point P in km is:-1.981707880769421E-03
-------------------------------------------------------------------

The gravitational potential (U) in km^2*sec^-2 at P is:-1.642527911574911E-08
-------------------------------------------------------------------

The first derivative       (Ux) in   km*sec^-2 at P is:-2.714948492783364E-08
The first derivative       (Uy) in   km*sec^-2 at P is: 4.588716889440696E-08
The first derivative       (Uz) in   km*sec^-2 at P is:-4.143754757497892E-22
-------------------------------------------------------------------

Length of the attraction vector in   km*sec^-2 at P is: 5.331722799424681E-08
phi   (angle to x-axis in degrees) : 120.61100
theta (angle to y-axis in degrees) :  30.61100
omega (angle to z-axis in degrees) :  90.00000

-------------------------------------------------------------------

The second  derivative    (Uxx) in     sec^-2 at P is:-2.277765998034651E-08
The second  derivative    (Uyy) in     sec^-2 at P is: 2.266722128375052E-07
The second  derivative    (Uzz) in     sec^-2 at P is:-2.038945528571585E-07

-------------------------------------------------------------------
The Laplace equation ( Uxx + Uyy + Uzz ) at P gives  : 2.382280164152720E-22
-------------------------------------------------------------------

The second  derivative    (Uxy) in     sec^-2 at P is:-2.434249668026031E-07
The second  derivative    (Uxz) in     sec^-2 at P is:-1.670863870037307E-09
The second  derivative    (Uyx) in     sec^-2 at P is:-2.434249668026880E-07
The second  derivative    (Uyz) in     sec^-2 at P is:-1.012414703431063E-09
The second  derivative    (Uzx) in     sec^-2 at P is:-1.670863870070655E-09
The second  derivative    (Uzy) in     sec^-2 at P is:-1.012414703428090E-09

-------------------------------------------------------------------

The Jacobi Constant (J) or (V) in km^2*sec^-2 at P is:-2.504263559271358E-08

-------------------------------------------------------------------

The Rotation Period in hours is: 4.297460000000000E+00
Density: 1.260000000000000E+12

