
The coordinate (X) of the equilibrium point P in km is: 1.263917738580369E-01
The coordinate (Y) of the equilibrium point P in km is: 2.920741563582624E-01
The coordinate (Z) of the equilibrium point P in km is:-2.495018922111686E-03
-------------------------------------------------------------------

The gravitational potential (U) in km^2*sec^-2 at P is:-1.653189099800821E-08
-------------------------------------------------------------------

The first derivative       (Ux) in   km*sec^-2 at P is:-2.087206285402911E-08
The first derivative       (Uy) in   km*sec^-2 at P is:-4.816455755068783E-08
The first derivative       (Uz) in   km*sec^-2 at P is: 2.718171210611467E-22
-------------------------------------------------------------------

Length of the attraction vector in   km*sec^-2 at P is: 5.249254815529593E-08
phi   (angle to x-axis in degrees) : 113.42945
theta (angle to y-axis in degrees) : 156.57055
omega (angle to z-axis in degrees) :  90.00000

-------------------------------------------------------------------

The second  derivative    (Uxx) in     sec^-2 at P is:-7.445804098373852E-08
The second  derivative    (Uyy) in     sec^-2 at P is: 2.593343821117565E-07
The second  derivative    (Uzz) in     sec^-2 at P is:-1.848763411280193E-07

-------------------------------------------------------------------
The Laplace equation ( Uxx + Uyy + Uzz ) at P gives  :-1.323488980084844E-21
-------------------------------------------------------------------

The second  derivative    (Uxy) in     sec^-2 at P is: 1.806064518423951E-07
The second  derivative    (Uxz) in     sec^-2 at P is: 1.622414329413015E-09
The second  derivative    (Uyx) in     sec^-2 at P is: 1.806064518424312E-07
The second  derivative    (Uyz) in     sec^-2 at P is: 4.706342742478979E-10
The second  derivative    (Uzx) in     sec^-2 at P is: 1.622414329311655E-09
The second  derivative    (Uzy) in     sec^-2 at P is: 4.706342741573766E-10

-------------------------------------------------------------------

The Jacobi Constant (J) or (V) in km^2*sec^-2 at P is:-2.488473077773839E-08

-------------------------------------------------------------------

The Rotation Period in hours is: 4.297460000000000E+00
Density: 1.260000000000000E+12

